Enriching clinics with Google Maps data in background...
Loaded 59 clinics from CSV
PetWell Backend running at http://localhost:8000
Enriched: Acorn Veterinary Hospital (Rating: 4.2)
Enriched: CityU Veterinary Medical Centre (Rating: 3.7)
Enriched: Animal Medical Centre (Rating: 3.5)
Enriched: Veterinary Emergency Centre (Rating: 4.3)
Enriched: Pets Central – North Point Hospital (Rating: 3.5)
Enriched: Pets Central – Mong Kok Hospital (Rating: 3.7)
Enriched: Pets Central – Sai Kung Hospital (Rating: 4.1)
Enriched: CityU Veterinary Medical Centre (Rating: 3.7)
Enriched: North Point Animal Hospital (Rating: 4.4)
Enriched: Pets Central – Tseung Kwan O Hospital (Rating: 3.0)
Enriched: Acorn Veterinary Hospital (Rating: 4.2)
Enriched: Paws and Tails Veterinary Hospital (Rating: 4.8)
Enriched: The Ark Veterinary Hospital (Rating: 3.3)
Enriched: Four Paws Animal Hospital (Rating: 4.5)
Enriched: Happy Life Animal Clinic (Rating: 4.3)
Enriched: Stanley Veterinary Centre (Rating: 4.1)
Enriched: Cosmo Pet Service Centre & Animal Hospital (Rating: 4.5)
Enriched: Dr. Hugh’s Veterinary Hospital (Rating: 4.3)
Enriched: East Island Animal Hospital (Rating: 4.4)
Enriched: HK Island East Small Animal & Exotic Veterinary Centre (Rating: 3.6)
Enriched: The Sanctuary Animal Hospital (Rating: 3.5)
Enriched: Hong Kong Island Veterinary Clinic (Rating: 4.3)
Enriched: Dr Eric's Animal Clinic (Happy Valley) (Rating: 4.8)
Enriched: Causeway Bay Animal Hospital (Rating: 3.6)
Enriched: Phoenix Animal Clinic (Rating: 4.3)
Enriched: SPCA (Hong Kong Centre) (Rating: 4.3)
Enriched: Faithful Veterinary Hospital (Rating: 3.8)
Enriched: Tai Hang Veterinary Clinic (Rating: 4.3)
Enriched: iVet Animal Clinic (Rating: 4.5)
Enriched: Kowloon Veterinary Hospital (Rating: 3.8)
Enriched: Peticare Kowloon West Animal Hospital (Rating: 4.4)
Enriched: SPCA (Kowloon Centre) (Rating: 4.3)
Enriched: Macpherson Animal Clinic (Rating: 3.8)
Enriched: Peticare Kowloon East Animal Hospital (Rating: 4.2)
Enriched: Hong Kong Veterinary Centre - Chong Sheng Tang (Rating: 4.1)
Enriched: Pawsure Veterinary Hospital (Rating: 4.4)
Enriched: Petcore Veterinary Clinic (Yuen Long) (Rating: 4.0)
Enriched: Creature Comforts Veterinary Centre TKO (Rating: 4.7)
Enriched: The Aim Animal Clinic (Rating: 4.0)
Enriched: Northern Animal Clinic (Rating: 3.9)
Enriched: Dr Eric's Animal Clinic (Tseung Kwan O) (Rating: 3.9)
Enriched: Hang Hau Animal Clinic (Rating: 3.7)
Enriched: Pet Space Sai Kung Veterinary Hospital (Rating: 4.0)
Enriched: Petcore Veterinary Clinic (Sai Kung) (Rating: 4.7)
Enriched: Sai Kung Animal Hospital (Rating: 4.8)
Enriched: SPCA (Hang Hau Centre) (Rating: 4.1)
Enriched: SPCA (Sai Kung Centre) (Rating: 4.2)
Enriched: Pet Space Tseung Kwan O Animal Clinic (Rating: 3.3)
Enriched: Village Vets (Rating: 4.7)
Enriched: Pet Space Sai Sha Road Animal Hospital (Rating: 3.5)
Enriched: Sha Tin Wai Pet Clinic (Rating: 3.8)
Enriched: Shatin Animal Hospital (Rating: 4.1)
Enriched: Sunshine City Veterinary Clinic (Rating: 3.9)
Enriched: Castle Peak Pet Clinic (Rating: 3.6)
Enriched: Pet Space Discovery Bay (Rating: 5.0)
Enriched: SPCA (Cheung Chau Clinic) (Rating: 4.1)
Enriched: SPCA (Mui Wo Clinic) (Rating: 3.9)
Enriched: Tung Chung Animal Clinic (Rating: 4.2)
Enriched: Creature Comforts Veterinary Housecall Practice (Rating: 4.9)
Saved updated clinics data to data/clinics.csv
signal: terminated
